<?xml version="1.0" encoding="UTF-8"?>
<!-- Generated by org.testng.reporters.JUnitReportReporter -->
<testsuite hostname="LAPTOP-0M241GU1" failures="0" tests="1" name="com.CRM.TestCases.CustomersPageTest" time="0.008" errors="0" timestamp="2024-05-03T16:36:34 IST" skipped="0">
  <testcase classname="com.CRM.TestCases.CustomersPageTest" name="f" time="0.008"/>
</testsuite> <!-- com.CRM.TestCases.CustomersPageTest -->
