<?xml version="1.0" encoding="UTF-8"?>
<!-- Generated by org.testng.reporters.JUnitReportReporter -->
<testsuite hostname="LAPTOP-0M241GU1" failures="0" tests="1" name="com.CRM.TestCases.LoginPageTest" time="5.965" errors="0" timestamp="2024-05-06T14:11:53 IST" skipped="0">
  <testcase classname="com.CRM.TestCases.LoginPageTest" name="verifyLogin" time="5.965"/>
  <system-out/>
</testsuite> <!-- com.CRM.TestCases.LoginPageTest -->
