<?xml version="1.0" encoding="UTF-8"?>
<!-- Generated by org.testng.reporters.JUnitReportReporter -->
<testsuite hostname="LAPTOP-0M241GU1" failures="0" tests="3" name="com.CRM.TestCases.HomePageTest" time="0.455" errors="0" timestamp="2024-05-06T14:11:53 IST" skipped="0">
  <testcase classname="com.CRM.TestCases.HomePageTest" name="verifyUrl" time="0.022"/>
  <system-out/>
  <testcase classname="com.CRM.TestCases.HomePageTest" name="verifyTitle" time="0.017"/>
  <system-out/>
  <testcase classname="com.CRM.TestCases.HomePageTest" name="verifySignIn" time="0.416"/>
  <system-out/>
</testsuite> <!-- com.CRM.TestCases.HomePageTest -->
